{"total": {"lines":{"total":1243,"covered":660,"skipped":0,"pct":53.09},"statements":{"total":1243,"covered":660,"skipped":0,"pct":53.09},"functions":{"total":86,"covered":19,"skipped":0,"pct":22.09},"branches":{"total":41,"covered":23,"skipped":0,"pct":56.09},"branchesTrue":{"total":0,"covered":0,"skipped":0,"pct":100}}
,"C:\\Users\\Carol\\Desktop\\compassolisa\\src\\app.js": {"lines":{"total":23,"covered":23,"skipped":0,"pct":100},"functions":{"total":3,"covered":3,"skipped":0,"pct":100},"statements":{"total":23,"covered":23,"skipped":0,"pct":100},"branches":{"total":3,"covered":3,"skipped":0,"pct":100}}
,"C:\\Users\\Carol\\Desktop\\compassolisa\\src\\app\\controllers\\AuthenticationController.js": {"lines":{"total":18,"covered":7,"skipped":0,"pct":38.88},"functions":{"total":1,"covered":0,"skipped":0,"pct":0},"statements":{"total":18,"covered":7,"skipped":0,"pct":38.88},"branches":{"total":0,"covered":0,"skipped":0,"pct":100}}
,"C:\\Users\\Carol\\Desktop\\compassolisa\\src\\app\\controllers\\CarsController.js": {"lines":{"total":75,"covered":17,"skipped":0,"pct":22.66},"functions":{"total":6,"covered":0,"skipped":0,"pct":0},"statements":{"total":75,"covered":17,"skipped":0,"pct":22.66},"branches":{"total":0,"covered":0,"skipped":0,"pct":100}}
,"C:\\Users\\Carol\\Desktop\\compassolisa\\src\\app\\controllers\\RentalController.js": {"lines":{"total":66,"covered":15,"skipped":0,"pct":22.72},"functions":{"total":5,"covered":0,"skipped":0,"pct":0},"statements":{"total":66,"covered":15,"skipped":0,"pct":22.72},"branches":{"total":0,"covered":0,"skipped":0,"pct":100}}
,"C:\\Users\\Carol\\Desktop\\compassolisa\\src\\app\\controllers\\peopleController.js": {"lines":{"total":63,"covered":22,"skipped":0,"pct":34.92},"functions":{"total":5,"covered":1,"skipped":0,"pct":20},"statements":{"total":63,"covered":22,"skipped":0,"pct":34.92},"branches":{"total":2,"covered":1,"skipped":0,"pct":50}}
,"C:\\Users\\Carol\\Desktop\\compassolisa\\src\\app\\errors\\BadRequest.js": {"lines":{"total":9,"covered":5,"skipped":0,"pct":55.55},"functions":{"total":1,"covered":0,"skipped":0,"pct":0},"statements":{"total":9,"covered":5,"skipped":0,"pct":55.55},"branches":{"total":0,"covered":0,"skipped":0,"pct":100}}
,"C:\\Users\\Carol\\Desktop\\compassolisa\\src\\app\\errors\\Forbidden.js": {"lines":{"total":9,"covered":5,"skipped":0,"pct":55.55},"functions":{"total":1,"covered":0,"skipped":0,"pct":0},"statements":{"total":9,"covered":5,"skipped":0,"pct":55.55},"branches":{"total":0,"covered":0,"skipped":0,"pct":100}}
,"C:\\Users\\Carol\\Desktop\\compassolisa\\src\\app\\errors\\NotFound.js": {"lines":{"total":9,"covered":5,"skipped":0,"pct":55.55},"functions":{"total":1,"covered":0,"skipped":0,"pct":0},"statements":{"total":9,"covered":5,"skipped":0,"pct":55.55},"branches":{"total":0,"covered":0,"skipped":0,"pct":100}}
,"C:\\Users\\Carol\\Desktop\\compassolisa\\src\\app\\errors\\NotUnique.js": {"lines":{"total":9,"covered":5,"skipped":0,"pct":55.55},"functions":{"total":1,"covered":0,"skipped":0,"pct":0},"statements":{"total":9,"covered":5,"skipped":0,"pct":55.55},"branches":{"total":0,"covered":0,"skipped":0,"pct":100}}
,"C:\\Users\\Carol\\Desktop\\compassolisa\\src\\app\\repository\\AuthenticationRepository.js": {"lines":{"total":12,"covered":7,"skipped":0,"pct":58.33},"functions":{"total":1,"covered":0,"skipped":0,"pct":0},"statements":{"total":12,"covered":7,"skipped":0,"pct":58.33},"branches":{"total":0,"covered":0,"skipped":0,"pct":100}}
,"C:\\Users\\Carol\\Desktop\\compassolisa\\src\\app\\repository\\CarsRepository.js": {"lines":{"total":41,"covered":18,"skipped":0,"pct":43.9},"functions":{"total":6,"covered":0,"skipped":0,"pct":0},"statements":{"total":41,"covered":18,"skipped":0,"pct":43.9},"branches":{"total":0,"covered":0,"skipped":0,"pct":100}}
,"C:\\Users\\Carol\\Desktop\\compassolisa\\src\\app\\repository\\PeopleRepository.js": {"lines":{"total":30,"covered":18,"skipped":0,"pct":60},"functions":{"total":5,"covered":1,"skipped":0,"pct":20},"statements":{"total":30,"covered":18,"skipped":0,"pct":60},"branches":{"total":1,"covered":1,"skipped":0,"pct":100}}
,"C:\\Users\\Carol\\Desktop\\compassolisa\\src\\app\\repository\\RentalRepository.js": {"lines":{"total":40,"covered":20,"skipped":0,"pct":50},"functions":{"total":6,"covered":0,"skipped":0,"pct":0},"statements":{"total":40,"covered":20,"skipped":0,"pct":50},"branches":{"total":0,"covered":0,"skipped":0,"pct":100}}
,"C:\\Users\\Carol\\Desktop\\compassolisa\\src\\app\\schema\\cars.js": {"lines":{"total":44,"covered":41,"skipped":0,"pct":93.18},"functions":{"total":1,"covered":0,"skipped":0,"pct":0},"statements":{"total":44,"covered":41,"skipped":0,"pct":93.18},"branches":{"total":0,"covered":0,"skipped":0,"pct":100}}
,"C:\\Users\\Carol\\Desktop\\compassolisa\\src\\app\\schema\\people.js": {"lines":{"total":53,"covered":45,"skipped":0,"pct":84.9},"functions":{"total":2,"covered":0,"skipped":0,"pct":0},"statements":{"total":53,"covered":45,"skipped":0,"pct":84.9},"branches":{"total":0,"covered":0,"skipped":0,"pct":100}}
,"C:\\Users\\Carol\\Desktop\\compassolisa\\src\\app\\schema\\rental.js": {"lines":{"total":63,"covered":60,"skipped":0,"pct":95.23},"functions":{"total":1,"covered":0,"skipped":0,"pct":0},"statements":{"total":63,"covered":60,"skipped":0,"pct":95.23},"branches":{"total":0,"covered":0,"skipped":0,"pct":100}}
,"C:\\Users\\Carol\\Desktop\\compassolisa\\src\\app\\service\\AuthenticationService.js": {"lines":{"total":37,"covered":15,"skipped":0,"pct":40.54},"functions":{"total":1,"covered":0,"skipped":0,"pct":0},"statements":{"total":37,"covered":15,"skipped":0,"pct":40.54},"branches":{"total":0,"covered":0,"skipped":0,"pct":100}}
,"C:\\Users\\Carol\\Desktop\\compassolisa\\src\\app\\service\\CarsService.js": {"lines":{"total":51,"covered":19,"skipped":0,"pct":37.25},"functions":{"total":6,"covered":0,"skipped":0,"pct":0},"statements":{"total":51,"covered":19,"skipped":0,"pct":37.25},"branches":{"total":0,"covered":0,"skipped":0,"pct":100}}
,"C:\\Users\\Carol\\Desktop\\compassolisa\\src\\app\\service\\PeopleService.js": {"lines":{"total":48,"covered":24,"skipped":0,"pct":50},"functions":{"total":5,"covered":1,"skipped":0,"pct":20},"statements":{"total":48,"covered":24,"skipped":0,"pct":50},"branches":{"total":1,"covered":1,"skipped":0,"pct":100}}
,"C:\\Users\\Carol\\Desktop\\compassolisa\\src\\app\\service\\RentalService.js": {"lines":{"total":48,"covered":19,"skipped":0,"pct":39.58},"functions":{"total":5,"covered":0,"skipped":0,"pct":0},"statements":{"total":48,"covered":19,"skipped":0,"pct":39.58},"branches":{"total":0,"covered":0,"skipped":0,"pct":100}}
,"C:\\Users\\Carol\\Desktop\\compassolisa\\src\\app\\utils\\cars\\isUniqueCar.js": {"lines":{"total":12,"covered":6,"skipped":0,"pct":50},"functions":{"total":1,"covered":0,"skipped":0,"pct":0},"statements":{"total":12,"covered":6,"skipped":0,"pct":50},"branches":{"total":0,"covered":0,"skipped":0,"pct":100}}
,"C:\\Users\\Carol\\Desktop\\compassolisa\\src\\app\\utils\\people\\cpfValidate.js": {"lines":{"total":36,"covered":7,"skipped":0,"pct":19.44},"functions":{"total":1,"covered":1,"skipped":0,"pct":100},"statements":{"total":36,"covered":7,"skipped":0,"pct":19.44},"branches":{"total":15,"covered":1,"skipped":0,"pct":6.66}}
,"C:\\Users\\Carol\\Desktop\\compassolisa\\src\\app\\utils\\people\\isUniqueCpf.js": {"lines":{"total":12,"covered":6,"skipped":0,"pct":50},"functions":{"total":1,"covered":0,"skipped":0,"pct":0},"statements":{"total":12,"covered":6,"skipped":0,"pct":50},"branches":{"total":0,"covered":0,"skipped":0,"pct":100}}
,"C:\\Users\\Carol\\Desktop\\compassolisa\\src\\app\\utils\\people\\isUniqueEmail.js": {"lines":{"total":12,"covered":6,"skipped":0,"pct":50},"functions":{"total":1,"covered":0,"skipped":0,"pct":0},"statements":{"total":12,"covered":6,"skipped":0,"pct":50},"branches":{"total":0,"covered":0,"skipped":0,"pct":100}}
,"C:\\Users\\Carol\\Desktop\\compassolisa\\src\\app\\utils\\rental\\AddressValid.js": {"lines":{"total":41,"covered":13,"skipped":0,"pct":31.7},"functions":{"total":2,"covered":0,"skipped":0,"pct":0},"statements":{"total":41,"covered":13,"skipped":0,"pct":31.7},"branches":{"total":0,"covered":0,"skipped":0,"pct":100}}
,"C:\\Users\\Carol\\Desktop\\compassolisa\\src\\app\\utils\\rental\\isUniqueCnpj.js": {"lines":{"total":12,"covered":6,"skipped":0,"pct":50},"functions":{"total":1,"covered":0,"skipped":0,"pct":0},"statements":{"total":12,"covered":6,"skipped":0,"pct":50},"branches":{"total":0,"covered":0,"skipped":0,"pct":100}}
,"C:\\Users\\Carol\\Desktop\\compassolisa\\src\\app\\validation\\authentication.js": {"lines":{"total":23,"covered":23,"skipped":0,"pct":100},"functions":{"total":1,"covered":1,"skipped":0,"pct":100},"statements":{"total":23,"covered":23,"skipped":0,"pct":100},"branches":{"total":1,"covered":1,"skipped":0,"pct":100}}
,"C:\\Users\\Carol\\Desktop\\compassolisa\\src\\app\\validation\\idValidation.js": {"lines":{"total":21,"covered":21,"skipped":0,"pct":100},"functions":{"total":1,"covered":1,"skipped":0,"pct":100},"statements":{"total":21,"covered":21,"skipped":0,"pct":100},"branches":{"total":4,"covered":4,"skipped":0,"pct":100}}
,"C:\\Users\\Carol\\Desktop\\compassolisa\\src\\app\\validation\\cars\\createCar.js": {"lines":{"total":41,"covered":3,"skipped":0,"pct":7.31},"functions":{"total":1,"covered":0,"skipped":0,"pct":0},"statements":{"total":41,"covered":3,"skipped":0,"pct":7.31},"branches":{"total":0,"covered":0,"skipped":0,"pct":100}}
,"C:\\Users\\Carol\\Desktop\\compassolisa\\src\\app\\validation\\cars\\getCar.js": {"lines":{"total":33,"covered":3,"skipped":0,"pct":9.09},"functions":{"total":1,"covered":0,"skipped":0,"pct":0},"statements":{"total":33,"covered":3,"skipped":0,"pct":9.09},"branches":{"total":0,"covered":0,"skipped":0,"pct":100}}
,"C:\\Users\\Carol\\Desktop\\compassolisa\\src\\app\\validation\\cars\\patchCar.js": {"lines":{"total":22,"covered":3,"skipped":0,"pct":13.63},"functions":{"total":1,"covered":0,"skipped":0,"pct":0},"statements":{"total":22,"covered":3,"skipped":0,"pct":13.63},"branches":{"total":0,"covered":0,"skipped":0,"pct":100}}
,"C:\\Users\\Carol\\Desktop\\compassolisa\\src\\app\\validation\\people\\createPeople.js": {"lines":{"total":48,"covered":47,"skipped":0,"pct":97.91},"functions":{"total":1,"covered":1,"skipped":0,"pct":100},"statements":{"total":48,"covered":47,"skipped":0,"pct":97.91},"branches":{"total":2,"covered":1,"skipped":0,"pct":50}}
,"C:\\Users\\Carol\\Desktop\\compassolisa\\src\\app\\validation\\people\\getPeople.js": {"lines":{"total":38,"covered":36,"skipped":0,"pct":94.73},"functions":{"total":1,"covered":1,"skipped":0,"pct":100},"statements":{"total":38,"covered":36,"skipped":0,"pct":94.73},"branches":{"total":3,"covered":1,"skipped":0,"pct":33.33}}
,"C:\\Users\\Carol\\Desktop\\compassolisa\\src\\app\\validation\\rental\\createRental.js": {"lines":{"total":57,"covered":3,"skipped":0,"pct":5.26},"functions":{"total":1,"covered":0,"skipped":0,"pct":0},"statements":{"total":57,"covered":3,"skipped":0,"pct":5.26},"branches":{"total":0,"covered":0,"skipped":0,"pct":100}}
,"C:\\Users\\Carol\\Desktop\\compassolisa\\src\\infra\\database\\mongo\\index.js": {"lines":{"total":16,"covered":16,"skipped":0,"pct":100},"functions":{"total":2,"covered":2,"skipped":0,"pct":100},"statements":{"total":16,"covered":16,"skipped":0,"pct":100},"branches":{"total":2,"covered":2,"skipped":0,"pct":100}}
,"C:\\Users\\Carol\\Desktop\\compassolisa\\src\\routes\\authenticationRouter.js": {"lines":{"total":6,"covered":6,"skipped":0,"pct":100},"functions":{"total":1,"covered":1,"skipped":0,"pct":100},"statements":{"total":6,"covered":6,"skipped":0,"pct":100},"branches":{"total":1,"covered":1,"skipped":0,"pct":100}}
,"C:\\Users\\Carol\\Desktop\\compassolisa\\src\\routes\\carsRouter.js": {"lines":{"total":16,"covered":16,"skipped":0,"pct":100},"functions":{"total":1,"covered":1,"skipped":0,"pct":100},"statements":{"total":16,"covered":16,"skipped":0,"pct":100},"branches":{"total":1,"covered":1,"skipped":0,"pct":100}}
,"C:\\Users\\Carol\\Desktop\\compassolisa\\src\\routes\\index.js": {"lines":{"total":17,"covered":17,"skipped":0,"pct":100},"functions":{"total":1,"covered":1,"skipped":0,"pct":100},"statements":{"total":17,"covered":17,"skipped":0,"pct":100},"branches":{"total":2,"covered":2,"skipped":0,"pct":100}}
,"C:\\Users\\Carol\\Desktop\\compassolisa\\src\\routes\\peopleRouter.js": {"lines":{"total":13,"covered":13,"skipped":0,"pct":100},"functions":{"total":1,"covered":1,"skipped":0,"pct":100},"statements":{"total":13,"covered":13,"skipped":0,"pct":100},"branches":{"total":1,"covered":1,"skipped":0,"pct":100}}
,"C:\\Users\\Carol\\Desktop\\compassolisa\\src\\routes\\rentalRouter.js": {"lines":{"total":12,"covered":12,"skipped":0,"pct":100},"functions":{"total":1,"covered":1,"skipped":0,"pct":100},"statements":{"total":12,"covered":12,"skipped":0,"pct":100},"branches":{"total":1,"covered":1,"skipped":0,"pct":100}}
,"C:\\Users\\Carol\\Desktop\\compassolisa\\src\\routes\\swaggerRouter.js": {"lines":{"total":7,"covered":7,"skipped":0,"pct":100},"functions":{"total":1,"covered":1,"skipped":0,"pct":100},"statements":{"total":7,"covered":7,"skipped":0,"pct":100},"branches":{"total":1,"covered":1,"skipped":0,"pct":100}}
}
